<?xml version="1.0" encoding="UTF-8"?>
<!-- Generated by org.testng.reporters.JUnitReportReporter -->
<testsuite skipped="0" hostname="navya" name="pedigree.PediTest" tests="1" failures="0" timestamp="2020-01-26T09:16:56 IST" time="14.176" errors="0">
  <testcase name="f" time="14.176" classname="pedigree.PediTest"/>
</testsuite> <!-- pedigree.PediTest -->
